2026-07-16 17:03:31 | INFO     | SIGS | Banco de dados inicializado em: C:\Users\rogeriosm.senai\PycharmProjects\SIGS\database\senhas.db
2026-07-16 17:03:31 | INFO     | SIGS | Banco de dados inicializado em: C:\Users\rogeriosm.senai\PycharmProjects\SIGS\database\senhas.db
2026-07-16 17:56:58 | INFO     | SIGS | Banco de dados inicializado em: C:\Users\rogeriosm.senai\PycharmProjects\SIGS\database\senhas.db
2026-07-16 17:56:58 | INFO     | SIGS | Banco de dados inicializado em: C:\Users\rogeriosm.senai\PycharmProjects\SIGS\database\senhas.db
2026-07-16 17:57:23 | INFO     | SIGS | Configurações atualizadas: ['contador_atual']
2026-07-16 17:57:23 | INFO     | SIGS | Senha emitida: número 001 (id=1)
2026-07-16 17:57:56 | INFO     | SIGS | Senha 001 chamada no guichê 'Guichê 01' por 'Atendente'.
2026-07-16 17:58:19 | INFO     | SIGS | Repetição de chamada da senha 001.
2026-07-16 17:58:27 | INFO     | SIGS | Repetição de chamada da senha 001.
2026-07-16 17:58:30 | INFO     | SIGS | Repetição de chamada da senha 001.
2026-07-16 17:58:31 | INFO     | SIGS | Repetição de chamada da senha 001.
2026-07-16 17:58:33 | INFO     | SIGS | Repetição de chamada da senha 001.
2026-07-16 17:58:35 | INFO     | SIGS | Repetição de chamada da senha 001.
2026-07-16 17:58:37 | INFO     | SIGS | Repetição de chamada da senha 001.
2026-07-16 17:58:41 | INFO     | SIGS | Configurações atualizadas: ['contador_atual']
2026-07-16 17:58:41 | INFO     | SIGS | Senha emitida: número 002 (id=2)
2026-07-16 17:59:07 | INFO     | SIGS | Senha 002 chamada no guichê 'Guichê 02' por 'Rogerio Matos'.
2026-07-16 17:59:55 | INFO     | SIGS | Configurações atualizadas: ['contador_atual']
2026-07-16 17:59:55 | WARNING  | SIGS | Contador de senhas reiniciado manualmente.
2026-07-16 18:00:11 | INFO     | SIGS | Repetição de chamada da senha 002.
2026-07-16 18:00:18 | ERROR    | SIGS | Não há senhas aguardando chamada.
2026-07-16 18:00:20 | ERROR    | SIGS | Não há senhas aguardando chamada.
2026-07-16 18:00:20 | ERROR    | SIGS | Não há senhas aguardando chamada.
2026-07-17 11:02:58 | INFO     | SIGS | Banco de dados inicializado em: C:\Users\rogeriosm.senai\PycharmProjects\SIGS\database\senhas.db
2026-07-17 11:02:59 | INFO     | SIGS | Banco de dados inicializado em: C:\Users\rogeriosm.senai\PycharmProjects\SIGS\database\senhas.db
2026-07-17 11:54:00 | INFO     | SIGS | Banco de dados inicializado em: C:\Users\rogeriosm.senai\PycharmProjects\SIGS\database\senhas.db
2026-07-17 11:54:01 | INFO     | SIGS | Banco de dados inicializado em: C:\Users\rogeriosm.senai\PycharmProjects\SIGS\database\senhas.db
2026-07-17 11:54:26 | INFO     | SIGS | Configurações atualizadas: ['contador_atual']
2026-07-17 11:54:26 | INFO     | SIGS | Senha emitida: número 001 (id=3)
2026-07-17 11:57:22 | INFO     | SIGS | Configurações atualizadas: ['contador_atual']
2026-07-17 11:57:22 | WARNING  | SIGS | Contador de senhas reiniciado manualmente.
2026-07-17 12:00:33 | INFO     | SIGS | Banco de dados inicializado em: C:\Users\rogeriosm.senai\PycharmProjects\SIGS\database\senhas.db
2026-07-17 12:00:33 | INFO     | SIGS | Banco de dados inicializado em: C:\Users\rogeriosm.senai\PycharmProjects\SIGS\database\senhas.db
2026-07-17 12:03:49 | INFO     | SIGS | Nova chave secreta de sessão gerada em: C:\Users\rogeriosm.senai\PycharmProjects\SIGS\secret.key
2026-07-17 12:03:49 | INFO     | SIGS | Banco de dados inicializado em: C:\Users\rogeriosm.senai\PycharmProjects\SIGS\database\senhas.db
2026-07-17 12:03:50 | INFO     | SIGS | Banco de dados inicializado em: C:\Users\rogeriosm.senai\PycharmProjects\SIGS\database\senhas.db
2026-07-17 12:28:26 | INFO     | SIGS | Usuário 'rogeriomatos' cadastrado com perfil 'admin'.
2026-07-17 12:28:26 | INFO     | SIGS | Guichê 1 atribuído automaticamente a 'Rogerio da Silva Matos'.
2026-07-17 12:28:26 | INFO     | SIGS | Login realizado: 'rogeriomatos' (guichê 1).
2026-07-17 12:29:18 | INFO     | SIGS | Usuário 'Maria' cadastrado com perfil 'atendente'.
2026-07-17 12:30:35 | INFO     | SIGS | Logout realizado: 'rogeriomatos'.
2026-07-17 12:30:43 | INFO     | SIGS | Guichê 1 atribuído automaticamente a 'Maria'.
2026-07-17 12:30:43 | INFO     | SIGS | Login realizado: 'Maria' (guichê 1).
2026-07-17 12:30:53 | INFO     | SIGS | Configurações atualizadas: ['contador_atual']
2026-07-17 12:30:53 | INFO     | SIGS | Senha emitida: número 001 (id=4)
2026-07-17 12:30:56 | INFO     | SIGS | Ticket impresso com sucesso: senha 001 na impressora '\\10.21.154.22\MONO'.
2026-07-17 12:31:22 | INFO     | SIGS | Senha 001 chamada no guichê 'Guichê 01' por 'Maria'.
2026-07-17 12:31:28 | INFO     | SIGS | Senha 001 chamada no guichê 'Guichê 01' por 'Maria'.
2026-07-17 12:31:28 | ERROR    | SIGS | Não há senhas aguardando chamada.
2026-07-17 12:32:09 | INFO     | SIGS | Repetição de chamada da senha 001.
2026-07-17 12:34:40 | INFO     | SIGS | Logout realizado: 'Maria'.
2026-07-17 12:34:50 | INFO     | SIGS | Guichê 1 atribuído automaticamente a 'Rogerio da Silva Matos'.
2026-07-17 12:34:50 | INFO     | SIGS | Login realizado: 'rogeriomatos' (guichê 1).
2026-07-17 12:35:20 | INFO     | SIGS | Configurações atualizadas: ['contador_atual']
2026-07-17 12:35:20 | WARNING  | SIGS | TODAS as senhas emitidas e eventos de chamada foram apagados por um administrador.
2026-07-17 12:36:03 | INFO     | SIGS | Logout realizado: 'rogeriomatos'.
2026-07-17 12:37:22 | INFO     | SIGS | Banco de dados inicializado em: C:\Users\rogeriosm.senai\PycharmProjects\SIGS\database\senhas.db
2026-07-17 12:37:22 | INFO     | SIGS | Banco de dados inicializado em: C:\Users\rogeriosm.senai\PycharmProjects\SIGS\database\senhas.db
2026-07-17 12:37:41 | INFO     | SIGS | Guichê 1 atribuído automaticamente a 'Rogerio da Silva Matos'.
2026-07-17 12:37:41 | INFO     | SIGS | Login realizado: 'rogeriomatos' (guichê 1).
2026-07-17 12:50:22 | INFO     | SIGS | Banco de dados inicializado em: C:\Users\rogeriosm.senai\PycharmProjects\SIGS\database\senhas.db
